# JRE version: Java(TM) SE Runtime Environment (8.0_172-b11) (build 1.8.0_172-b11)
# Java VM: Java HotSpot(TM) 64-Bit Server VM (25.172-b11 mixed mode windows-amd64 compressed oops)
Heap:
 PSYoungGen      total 237568K, used 67495K [0x00000000d5c00000, 0x00000000e5400000, 0x0000000100000000)
  eden space 223744K, 23% used [0x00000000d5c00000,0x00000000d906e2f0,0x00000000e3680000)
  from space 13824K, 99% used [0x00000000e3680000,0x00000000e43fb980,0x00000000e4400000)
  to   space 12800K, 0% used [0x00000000e4400000,0x00000000e4400000,0x00000000e5080000)
 ParOldGen       total 80384K, used 18478K [0x0000000081400000, 0x0000000086280000, 0x00000000d5c00000)
  object space 80384K, 22% used [0x0000000081400000,0x000000008260ba40,0x0000000086280000)
 Metaspace       used 53125K, capacity 55024K, committed 55168K, reserved 1097728K
  class space    used 6888K, capacity 7222K, committed 7296K, reserved 1048576K
GC Heap History (10 events):
Event: 6.546 GC heap before
{Heap before GC invocations=7 (full 1):
 PSYoungGen      total 138240K, used 138238K [0x00000000d5c00000, 0x00000000e5080000, 0x0000000100000000)
  eden space 133120K, 100% used [0x00000000d5c00000,0x00000000dde00000,0x00000000dde00000)
  from space 5120K, 99% used [0x00000000dde00000,0x00000000de2ffa48,0x00000000de300000)
  to   space 12800K, 0% used [0x00000000e4400000,0x00000000e4400000,0x00000000e5080000)
 ParOldGen       total 56320K, used 15070K [0x0000000081400000, 0x0000000084b00000, 0x00000000d5c00000)
  object space 56320K, 26% used [0x0000000081400000,0x00000000822b7818,0x0000000084b00000)
 Metaspace       used 33387K, capacity 34458K, committed 34816K, reserved 1079296K
  class space    used 4262K, capacity 4495K, committed 4608K, reserved 1048576K
Event: 6.581 GC heap after
Heap after GC invocations=7 (full 1):
 PSYoungGen      total 236544K, used 10913K [0x00000000d5c00000, 0x00000000e5400000, 0x0000000100000000)
  eden space 223744K, 0% used [0x00000000d5c00000,0x00000000d5c00000,0x00000000e3680000)
  from space 12800K, 85% used [0x00000000e4400000,0x00000000e4ea84b8,0x00000000e5080000)
  to   space 13824K, 0% used [0x00000000e3680000,0x00000000e3680000,0x00000000e4400000)
 ParOldGen       total 56320K, used 15078K [0x0000000081400000, 0x0000000084b00000, 0x00000000d5c00000)
  object space 56320K, 26% used [0x0000000081400000,0x00000000822b9818,0x0000000084b00000)
 Metaspace       used 33387K, capacity 34458K, committed 34816K, reserved 1079296K
  class space    used 4262K, capacity 4495K, committed 4608K, reserved 1048576K
}
Event: 6.720 GC heap before
{Heap before GC invocations=8 (full 1):
 PSYoungGen      total 236544K, used 23255K [0x00000000d5c00000, 0x00000000e5400000, 0x0000000100000000)
  eden space 223744K, 5% used [0x00000000d5c00000,0x00000000d680daa8,0x00000000e3680000)
  from space 12800K, 85% used [0x00000000e4400000,0x00000000e4ea84b8,0x00000000e5080000)
  to   space 13824K, 0% used [0x00000000e3680000,0x00000000e3680000,0x00000000e4400000)
 ParOldGen       total 56320K, used 15078K [0x0000000081400000, 0x0000000084b00000, 0x00000000d5c00000)
  object space 56320K, 26% used [0x0000000081400000,0x00000000822b9818,0x0000000084b00000)
 Metaspace       used 34189K, capacity 35294K, committed 35416K, reserved 1081344K
  class space    used 4309K, capacity 4559K, committed 4608K, reserved 1048576K
Event: 6.733 GC heap after
Heap after GC invocations=8 (full 1):
 PSYoungGen      total 237568K, used 9349K [0x00000000d5c00000, 0x00000000e5400000, 0x0000000100000000)
  eden space 223744K, 0% used [0x00000000d5c00000,0x00000000d5c00000,0x00000000e3680000)
  from space 13824K, 67% used [0x00000000e3680000,0x00000000e3fa1628,0x00000000e4400000)
  to   space 12800K, 0% used [0x00000000e4400000,0x00000000e4400000,0x00000000e5080000)
 ParOldGen       total 56320K, used 15086K [0x0000000081400000, 0x0000000084b00000, 0x00000000d5c00000)
  object space 56320K, 26% used [0x0000000081400000,0x00000000822bb818,0x0000000084b00000)
 Metaspace       used 34189K, capacity 35294K, committed 35416K, reserved 1081344K
  class space    used 4309K, capacity 4559K, committed 4608K, reserved 1048576K
}
Event: 6.733 GC heap before
{Heap before GC invocations=9 (full 2):
 PSYoungGen      total 237568K, used 9349K [0x00000000d5c00000, 0x00000000e5400000, 0x0000000100000000)
  eden space 223744K, 0% used [0x00000000d5c00000,0x00000000d5c00000,0x00000000e3680000)
  from space 13824K, 67% used [0x00000000e3680000,0x00000000e3fa1628,0x00000000e4400000)
  to   space 12800K, 0% used [0x00000000e4400000,0x00000000e4400000,0x00000000e5080000)
 ParOldGen       total 56320K, used 15086K [0x0000000081400000, 0x0000000084b00000, 0x00000000d5c00000)
  object space 56320K, 26% used [0x0000000081400000,0x00000000822bb818,0x0000000084b00000)
 Metaspace       used 34189K, capacity 35294K, committed 35416K, reserved 1081344K
  class space    used 4309K, capacity 4559K, committed 4608K, reserved 1048576K
Event: 6.853 GC heap after
Heap after GC invocations=9 (full 2):
 PSYoungGen      total 237568K, used 0K [0x00000000d5c00000, 0x00000000e5400000, 0x0000000100000000)
  eden space 223744K, 0% used [0x00000000d5c00000,0x00000000d5c00000,0x00000000e3680000)
  from space 13824K, 0% used [0x00000000e3680000,0x00000000e3680000,0x00000000e4400000)
  to   space 12800K, 0% used [0x00000000e4400000,0x00000000e4400000,0x00000000e5080000)
 ParOldGen       total 80384K, used 14232K [0x0000000081400000, 0x0000000086280000, 0x00000000d5c00000)
  object space 80384K, 17% used [0x0000000081400000,0x00000000821e6370,0x0000000086280000)
 Metaspace       used 34189K, capacity 35294K, committed 35416K, reserved 1081344K
  class space    used 4309K, capacity 4559K, committed 4608K, reserved 1048576K
}
Event: 9.519 GC heap before
{Heap before GC invocations=10 (full 2):
 PSYoungGen      total 237568K, used 223744K [0x00000000d5c00000, 0x00000000e5400000, 0x0000000100000000)
  eden space 223744K, 100% used [0x00000000d5c00000,0x00000000e3680000,0x00000000e3680000)
  from space 13824K, 0% used [0x00000000e3680000,0x00000000e3680000,0x00000000e4400000)
  to   space 12800K, 0% used [0x00000000e4400000,0x00000000e4400000,0x00000000e5080000)
 ParOldGen       total 80384K, used 14232K [0x0000000081400000, 0x0000000086280000, 0x00000000d5c00000)
  object space 80384K, 17% used [0x0000000081400000,0x00000000821e6370,0x0000000086280000)
 Metaspace       used 44751K, capacity 46254K, committed 46464K, reserved 1089536K
  class space    used 5690K, capacity 5989K, committed 6016K, reserved 1048576K
Event: 9.537 GC heap after
Heap after GC invocations=10 (full 2):
 PSYoungGen      total 236544K, used 12771K [0x00000000d5c00000, 0x00000000e5400000, 0x0000000100000000)
  eden space 223744K, 0% used [0x00000000d5c00000,0x00000000d5c00000,0x00000000e3680000)
  from space 12800K, 99% used [0x00000000e4400000,0x00000000e5078f28,0x00000000e5080000)
  to   space 13824K, 0% used [0x00000000e3680000,0x00000000e3680000,0x00000000e4400000)
 ParOldGen       total 80384K, used 14721K [0x0000000081400000, 0x0000000086280000, 0x00000000d5c00000)
  object space 80384K, 18% used [0x0000000081400000,0x0000000082260440,0x0000000086280000)
 Metaspace       used 44751K, capacity 46254K, committed 46464K, reserved 1089536K
  class space    used 5690K, capacity 5989K, committed 6016K, reserved 1048576K
}
Event: 11.467 GC heap before
{Heap before GC invocations=11 (full 2):
 PSYoungGen      total 236544K, used 236515K [0x00000000d5c00000, 0x00000000e5400000, 0x0000000100000000)
  eden space 223744K, 100% used [0x00000000d5c00000,0x00000000e3680000,0x00000000e3680000)
  from space 12800K, 99% used [0x00000000e4400000,0x00000000e5078f28,0x00000000e5080000)
  to   space 13824K, 0% used [0x00000000e3680000,0x00000000e3680000,0x00000000e4400000)
 ParOldGen       total 80384K, used 14721K [0x0000000081400000, 0x0000000086280000, 0x00000000d5c00000)
  object space 80384K, 18% used [0x0000000081400000,0x0000000082260440,0x0000000086280000)
 Metaspace       used 49192K, capacity 51026K, committed 51328K, reserved 1093632K
  class space    used 6338K, capacity 6703K, committed 6784K, reserved 1048576K
Event: 11.488 GC heap after
Heap after GC invocations=11 (full 2):
 PSYoungGen      total 237568K, used 13806K [0x00000000d5c00000, 0x00000000e5400000, 0x0000000100000000)
  eden space 223744K, 0% used [0x00000000d5c00000,0x00000000d5c00000,0x00000000e3680000)
  from space 13824K, 99% used [0x00000000e3680000,0x00000000e43fb980,0x00000000e4400000)
  to   space 12800K, 0% used [0x00000000e4400000,0x00000000e4400000,0x00000000e5080000)
 ParOldGen       total 80384K, used 18478K [0x0000000081400000, 0x0000000086280000, 0x00000000d5c00000)
  object space 80384K, 22% used [0x0000000081400000,0x000000008260ba40,0x0000000086280000)
 Metaspace       used 49192K, capacity 51026K, committed 51328K, reserved 1093632K
  class space    used 6338K, capacity 6703K, committed 6784K, reserved 1048576K
}

