# JRE version: Java(TM) SE Runtime Environment (8.0_172-b11) (build 1.8.0_172-b11)
# Java VM: Java HotSpot(TM) 64-Bit Server VM (25.172-b11 mixed mode windows-amd64 compressed oops)
Heap:
 PSYoungGen      total 116224K, used 35775K [0x00000000d5c00000, 0x00000000ddc00000, 0x0000000100000000)
  eden space 107008K, 33% used [0x00000000d5c00000,0x00000000d7eefc70,0x00000000dc480000)
  from space 9216K, 0% used [0x00000000dc480000,0x00000000dc480000,0x00000000dcd80000)
  to   space 9216K, 0% used [0x00000000dcd80000,0x00000000dcd80000,0x00000000dd680000)
 ParOldGen       total 54272K, used 15064K [0x0000000081400000, 0x0000000084900000, 0x00000000d5c00000)
  object space 54272K, 27% used [0x0000000081400000,0x00000000822b6248,0x0000000084900000)
 Metaspace       used 38414K, capacity 39552K, committed 39680K, reserved 1083392K
  class space    used 4798K, capacity 5040K, committed 5120K, reserved 1048576K
GC Heap History (10 events):
Event: 4.804 GC heap before
{Heap before GC invocations=7 (full 1):
 PSYoungGen      total 71680K, used 66560K [0x00000000d5c00000, 0x00000000da700000, 0x0000000100000000)
  eden space 66560K, 100% used [0x00000000d5c00000,0x00000000d9d00000,0x00000000d9d00000)
  from space 5120K, 0% used [0x00000000d9d00000,0x00000000d9d00000,0x00000000da200000)
  to   space 5120K, 0% used [0x00000000da200000,0x00000000da200000,0x00000000da700000)
 ParOldGen       total 54272K, used 9322K [0x0000000081400000, 0x0000000084900000, 0x00000000d5c00000)
  object space 54272K, 17% used [0x0000000081400000,0x0000000081d1ab00,0x0000000084900000)
 Metaspace       used 26029K, capacity 26852K, committed 27136K, reserved 1073152K
  class space    used 3317K, capacity 3524K, committed 3584K, reserved 1048576K
Event: 4.811 GC heap after
Heap after GC invocations=7 (full 1):
 PSYoungGen      total 68096K, used 5100K [0x00000000d5c00000, 0x00000000ddd00000, 0x0000000100000000)
  eden space 62976K, 0% used [0x00000000d5c00000,0x00000000d5c00000,0x00000000d9980000)
  from space 5120K, 99% used [0x00000000da200000,0x00000000da6fb1e0,0x00000000da700000)
  to   space 8704K, 0% used [0x00000000d9980000,0x00000000d9980000,0x00000000da200000)
 ParOldGen       total 54272K, used 10427K [0x0000000081400000, 0x0000000084900000, 0x00000000d5c00000)
  object space 54272K, 19% used [0x0000000081400000,0x0000000081e2eed0,0x0000000084900000)
 Metaspace       used 26029K, capacity 26852K, committed 27136K, reserved 1073152K
  class space    used 3317K, capacity 3524K, committed 3584K, reserved 1048576K
}
Event: 5.553 GC heap before
{Heap before GC invocations=8 (full 1):
 PSYoungGen      total 68096K, used 68076K [0x00000000d5c00000, 0x00000000ddd00000, 0x0000000100000000)
  eden space 62976K, 100% used [0x00000000d5c00000,0x00000000d9980000,0x00000000d9980000)
  from space 5120K, 99% used [0x00000000da200000,0x00000000da6fb1e0,0x00000000da700000)
  to   space 8704K, 0% used [0x00000000d9980000,0x00000000d9980000,0x00000000da200000)
 ParOldGen       total 54272K, used 10427K [0x0000000081400000, 0x0000000084900000, 0x00000000d5c00000)
  object space 54272K, 19% used [0x0000000081400000,0x0000000081e2eed0,0x0000000084900000)
 Metaspace       used 29380K, capacity 30286K, committed 30464K, reserved 1075200K
  class space    used 3778K, capacity 3983K, committed 4096K, reserved 1048576K
Event: 5.561 GC heap after
Heap after GC invocations=8 (full 1):
 PSYoungGen      total 71680K, used 7279K [0x00000000d5c00000, 0x00000000dd680000, 0x0000000100000000)
  eden space 62976K, 0% used [0x00000000d5c00000,0x00000000d5c00000,0x00000000d9980000)
  from space 8704K, 83% used [0x00000000d9980000,0x00000000da09be10,0x00000000da200000)
  to   space 9216K, 0% used [0x00000000dcd80000,0x00000000dcd80000,0x00000000dd680000)
 ParOldGen       total 54272K, used 10435K [0x0000000081400000, 0x0000000084900000, 0x00000000d5c00000)
  object space 54272K, 19% used [0x0000000081400000,0x0000000081e30ed0,0x0000000084900000)
 Metaspace       used 29380K, capacity 30286K, committed 30464K, reserved 1075200K
  class space    used 3778K, capacity 3983K, committed 4096K, reserved 1048576K
}
Event: 6.221 GC heap before
{Heap before GC invocations=9 (full 1):
 PSYoungGen      total 71680K, used 70255K [0x00000000d5c00000, 0x00000000dd680000, 0x0000000100000000)
  eden space 62976K, 100% used [0x00000000d5c00000,0x00000000d9980000,0x00000000d9980000)
  from space 8704K, 83% used [0x00000000d9980000,0x00000000da09be10,0x00000000da200000)
  to   space 9216K, 0% used [0x00000000dcd80000,0x00000000dcd80000,0x00000000dd680000)
 ParOldGen       total 54272K, used 10435K [0x0000000081400000, 0x0000000084900000, 0x00000000d5c00000)
  object space 54272K, 19% used [0x0000000081400000,0x0000000081e30ed0,0x0000000084900000)
 Metaspace       used 31757K, capacity 32720K, committed 32768K, reserved 1077248K
  class space    used 4085K, capacity 4304K, committed 4352K, reserved 1048576K
Event: 6.270 GC heap after
Heap after GC invocations=9 (full 1):
 PSYoungGen      total 116224K, used 7183K [0x00000000d5c00000, 0x00000000ddc00000, 0x0000000100000000)
  eden space 107008K, 0% used [0x00000000d5c00000,0x00000000d5c00000,0x00000000dc480000)
  from space 9216K, 77% used [0x00000000dcd80000,0x00000000dd483e10,0x00000000dd680000)
  to   space 9216K, 0% used [0x00000000dc480000,0x00000000dc480000,0x00000000dcd80000)
 ParOldGen       total 54272K, used 10435K [0x0000000081400000, 0x0000000084900000, 0x00000000d5c00000)
  object space 54272K, 19% used [0x0000000081400000,0x0000000081e30ed0,0x0000000084900000)
 Metaspace       used 31757K, capacity 32720K, committed 32768K, reserved 1077248K
  class space    used 4085K, capacity 4304K, committed 4352K, reserved 1048576K
}
Event: 7.039 GC heap before
{Heap before GC invocations=10 (full 1):
 PSYoungGen      total 116224K, used 86147K [0x00000000d5c00000, 0x00000000ddc00000, 0x0000000100000000)
  eden space 107008K, 73% used [0x00000000d5c00000,0x00000000da91d008,0x00000000dc480000)
  from space 9216K, 77% used [0x00000000dcd80000,0x00000000dd483e10,0x00000000dd680000)
  to   space 9216K, 0% used [0x00000000dc480000,0x00000000dc480000,0x00000000dcd80000)
 ParOldGen       total 54272K, used 10435K [0x0000000081400000, 0x0000000084900000, 0x00000000d5c00000)
  object space 54272K, 19% used [0x0000000081400000,0x0000000081e30ed0,0x0000000084900000)
 Metaspace       used 34211K, capacity 35294K, committed 35416K, reserved 1081344K
  class space    used 4309K, capacity 4559K, committed 4608K, reserved 1048576K
Event: 7.071 GC heap after
Heap after GC invocations=10 (full 1):
 PSYoungGen      total 116224K, used 7805K [0x00000000d5c00000, 0x00000000ddc00000, 0x0000000100000000)
  eden space 107008K, 0% used [0x00000000d5c00000,0x00000000d5c00000,0x00000000dc480000)
  from space 9216K, 84% used [0x00000000dc480000,0x00000000dcc1f5a8,0x00000000dcd80000)
  to   space 9216K, 0% used [0x00000000dcd80000,0x00000000dcd80000,0x00000000dd680000)
 ParOldGen       total 54272K, used 12786K [0x0000000081400000, 0x0000000084900000, 0x00000000d5c00000)
  object space 54272K, 23% used [0x0000000081400000,0x000000008207cbf0,0x0000000084900000)
 Metaspace       used 34211K, capacity 35294K, committed 35416K, reserved 1081344K
  class space    used 4309K, capacity 4559K, committed 4608K, reserved 1048576K
}
Event: 7.071 GC heap before
{Heap before GC invocations=11 (full 2):
 PSYoungGen      total 116224K, used 7805K [0x00000000d5c00000, 0x00000000ddc00000, 0x0000000100000000)
  eden space 107008K, 0% used [0x00000000d5c00000,0x00000000d5c00000,0x00000000dc480000)
  from space 9216K, 84% used [0x00000000dc480000,0x00000000dcc1f5a8,0x00000000dcd80000)
  to   space 9216K, 0% used [0x00000000dcd80000,0x00000000dcd80000,0x00000000dd680000)
 ParOldGen       total 54272K, used 12786K [0x0000000081400000, 0x0000000084900000, 0x00000000d5c00000)
  object space 54272K, 23% used [0x0000000081400000,0x000000008207cbf0,0x0000000084900000)
 Metaspace       used 34211K, capacity 35294K, committed 35416K, reserved 1081344K
  class space    used 4309K, capacity 4559K, committed 4608K, reserved 1048576K
Event: 7.199 GC heap after
Heap after GC invocations=11 (full 2):
 PSYoungGen      total 116224K, used 0K [0x00000000d5c00000, 0x00000000ddc00000, 0x0000000100000000)
  eden space 107008K, 0% used [0x00000000d5c00000,0x00000000d5c00000,0x00000000dc480000)
  from space 9216K, 0% used [0x00000000dc480000,0x00000000dc480000,0x00000000dcd80000)
  to   space 9216K, 0% used [0x00000000dcd80000,0x00000000dcd80000,0x00000000dd680000)
 ParOldGen       total 54272K, used 15064K [0x0000000081400000, 0x0000000084900000, 0x00000000d5c00000)
  object space 54272K, 27% used [0x0000000081400000,0x00000000822b6248,0x0000000084900000)
 Metaspace       used 34211K, capacity 35294K, committed 35416K, reserved 1081344K
  class space    used 4309K, capacity 4559K, committed 4608K, reserved 1048576K
}

