# JRE version: Java(TM) SE Runtime Environment (8.0_172-b11) (build 1.8.0_172-b11)
# Java VM: Java HotSpot(TM) 64-Bit Server VM (25.172-b11 mixed mode windows-amd64 compressed oops)
Heap:
 PSYoungGen      total 430080K, used 331524K [0x00000000d5c00000, 0x00000000f3f00000, 0x0000000100000000)
  eden space 417792K, 76% used [0x00000000d5c00000,0x00000000e93dd2d0,0x00000000ef400000)
  from space 12288K, 99% used [0x00000000f3300000,0x00000000f3ee3e30,0x00000000f3f00000)
  to   space 16896K, 0% used [0x00000000f1e00000,0x00000000f1e00000,0x00000000f2e80000)
 ParOldGen       total 73216K, used 20815K [0x0000000081400000, 0x0000000085b80000, 0x00000000d5c00000)
  object space 73216K, 28% used [0x0000000081400000,0x0000000082853d48,0x0000000085b80000)
 Metaspace       used 50146K, capacity 52274K, committed 52352K, reserved 1095680K
  class space    used 6568K, capacity 6988K, committed 7040K, reserved 1048576K
GC Heap History (10 events):
Event: 3.904 GC heap before
{Heap before GC invocations=6 (full 1):
 PSYoungGen      total 138240K, used 133120K [0x00000000d5c00000, 0x00000000de800000, 0x0000000100000000)
  eden space 133120K, 100% used [0x00000000d5c00000,0x00000000dde00000,0x00000000dde00000)
  from space 5120K, 0% used [0x00000000de300000,0x00000000de300000,0x00000000de800000)
  to   space 5120K, 0% used [0x00000000dde00000,0x00000000dde00000,0x00000000de300000)
 ParOldGen       total 50176K, used 9275K [0x0000000081400000, 0x0000000084500000, 0x00000000d5c00000)
  object space 50176K, 18% used [0x0000000081400000,0x0000000081d0ec20,0x0000000084500000)
 Metaspace       used 27296K, capacity 28290K, committed 28544K, reserved 1073152K
  class space    used 3652K, capacity 3893K, committed 3968K, reserved 1048576K
Event: 3.914 GC heap after
Heap after GC invocations=6 (full 1):
 PSYoungGen      total 138240K, used 5114K [0x00000000d5c00000, 0x00000000e6b80000, 0x0000000100000000)
  eden space 133120K, 0% used [0x00000000d5c00000,0x00000000d5c00000,0x00000000dde00000)
  from space 5120K, 99% used [0x00000000dde00000,0x00000000de2feb40,0x00000000de300000)
  to   space 12288K, 0% used [0x00000000e5f80000,0x00000000e5f80000,0x00000000e6b80000)
 ParOldGen       total 50176K, used 14445K [0x0000000081400000, 0x0000000084500000, 0x00000000d5c00000)
  object space 50176K, 28% used [0x0000000081400000,0x000000008221b4f8,0x0000000084500000)
 Metaspace       used 27296K, capacity 28290K, committed 28544K, reserved 1073152K
  class space    used 3652K, capacity 3893K, committed 3968K, reserved 1048576K
}
Event: 4.706 GC heap before
{Heap before GC invocations=7 (full 1):
 PSYoungGen      total 138240K, used 138234K [0x00000000d5c00000, 0x00000000e6b80000, 0x0000000100000000)
  eden space 133120K, 100% used [0x00000000d5c00000,0x00000000dde00000,0x00000000dde00000)
  from space 5120K, 99% used [0x00000000dde00000,0x00000000de2feb40,0x00000000de300000)
  to   space 12288K, 0% used [0x00000000e5f80000,0x00000000e5f80000,0x00000000e6b80000)
 ParOldGen       total 50176K, used 14445K [0x0000000081400000, 0x0000000084500000, 0x00000000d5c00000)
  object space 50176K, 28% used [0x0000000081400000,0x000000008221b4f8,0x0000000084500000)
 Metaspace       used 31162K, capacity 32498K, committed 32768K, reserved 1077248K
  class space    used 4199K, capacity 4497K, committed 4608K, reserved 1048576K
Event: 4.717 GC heap after
Heap after GC invocations=7 (full 1):
 PSYoungGen      total 261632K, used 10719K [0x00000000d5c00000, 0x00000000e6a80000, 0x0000000100000000)
  eden space 250368K, 0% used [0x00000000d5c00000,0x00000000d5c00000,0x00000000e5080000)
  from space 11264K, 95% used [0x00000000e5f80000,0x00000000e69f7e38,0x00000000e6a80000)
  to   space 13312K, 0% used [0x00000000e5080000,0x00000000e5080000,0x00000000e5d80000)
 ParOldGen       total 50176K, used 14453K [0x0000000081400000, 0x0000000084500000, 0x00000000d5c00000)
  object space 50176K, 28% used [0x0000000081400000,0x000000008221d4f8,0x0000000084500000)
 Metaspace       used 31162K, capacity 32498K, committed 32768K, reserved 1077248K
  class space    used 4199K, capacity 4497K, committed 4608K, reserved 1048576K
}
Event: 5.240 GC heap before
{Heap before GC invocations=8 (full 1):
 PSYoungGen      total 261632K, used 90909K [0x00000000d5c00000, 0x00000000e6a80000, 0x0000000100000000)
  eden space 250368K, 32% used [0x00000000d5c00000,0x00000000daa4f7b0,0x00000000e5080000)
  from space 11264K, 95% used [0x00000000e5f80000,0x00000000e69f7e38,0x00000000e6a80000)
  to   space 13312K, 0% used [0x00000000e5080000,0x00000000e5080000,0x00000000e5d80000)
 ParOldGen       total 50176K, used 14453K [0x0000000081400000, 0x0000000084500000, 0x00000000d5c00000)
  object space 50176K, 28% used [0x0000000081400000,0x000000008221d4f8,0x0000000084500000)
 Metaspace       used 34065K, capacity 35446K, committed 35496K, reserved 1079296K
  class space    used 4552K, capacity 4845K, committed 4864K, reserved 1048576K
Event: 5.259 GC heap after
Heap after GC invocations=8 (full 1):
 PSYoungGen      total 263680K, used 13301K [0x00000000d5c00000, 0x00000000f4300000, 0x0000000100000000)
  eden space 250368K, 0% used [0x00000000d5c00000,0x00000000d5c00000,0x00000000e5080000)
  from space 13312K, 99% used [0x00000000e5080000,0x00000000e5d7d678,0x00000000e5d80000)
  to   space 16384K, 0% used [0x00000000f3300000,0x00000000f3300000,0x00000000f4300000)
 ParOldGen       total 50176K, used 16694K [0x0000000081400000, 0x0000000084500000, 0x00000000d5c00000)
  object space 50176K, 33% used [0x0000000081400000,0x000000008244dbb0,0x0000000084500000)
 Metaspace       used 34065K, capacity 35446K, committed 35496K, reserved 1079296K
  class space    used 4552K, capacity 4845K, committed 4864K, reserved 1048576K
}
Event: 5.259 GC heap before
{Heap before GC invocations=9 (full 2):
 PSYoungGen      total 263680K, used 13301K [0x00000000d5c00000, 0x00000000f4300000, 0x0000000100000000)
  eden space 250368K, 0% used [0x00000000d5c00000,0x00000000d5c00000,0x00000000e5080000)
  from space 13312K, 99% used [0x00000000e5080000,0x00000000e5d7d678,0x00000000e5d80000)
  to   space 16384K, 0% used [0x00000000f3300000,0x00000000f3300000,0x00000000f4300000)
 ParOldGen       total 50176K, used 16694K [0x0000000081400000, 0x0000000084500000, 0x00000000d5c00000)
  object space 50176K, 33% used [0x0000000081400000,0x000000008244dbb0,0x0000000084500000)
 Metaspace       used 34065K, capacity 35446K, committed 35496K, reserved 1079296K
  class space    used 4552K, capacity 4845K, committed 4864K, reserved 1048576K
Event: 5.359 GC heap after
Heap after GC invocations=9 (full 2):
 PSYoungGen      total 263680K, used 0K [0x00000000d5c00000, 0x00000000f4300000, 0x0000000100000000)
  eden space 250368K, 0% used [0x00000000d5c00000,0x00000000d5c00000,0x00000000e5080000)
  from space 13312K, 0% used [0x00000000e5080000,0x00000000e5080000,0x00000000e5d80000)
  to   space 16384K, 0% used [0x00000000f3300000,0x00000000f3300000,0x00000000f4300000)
 ParOldGen       total 73216K, used 20807K [0x0000000081400000, 0x0000000085b80000, 0x00000000d5c00000)
  object space 73216K, 28% used [0x0000000081400000,0x0000000082851d48,0x0000000085b80000)
 Metaspace       used 34065K, capacity 35446K, committed 35496K, reserved 1079296K
  class space    used 4552K, capacity 4845K, committed 4864K, reserved 1048576K
}
Event: 6.627 GC heap before
{Heap before GC invocations=10 (full 2):
 PSYoungGen      total 263680K, used 250368K [0x00000000d5c00000, 0x00000000f4300000, 0x0000000100000000)
  eden space 250368K, 100% used [0x00000000d5c00000,0x00000000e5080000,0x00000000e5080000)
  from space 13312K, 0% used [0x00000000e5080000,0x00000000e5080000,0x00000000e5d80000)
  to   space 16384K, 0% used [0x00000000f3300000,0x00000000f3300000,0x00000000f4300000)
 ParOldGen       total 73216K, used 20807K [0x0000000081400000, 0x0000000085b80000, 0x00000000d5c00000)
  object space 73216K, 28% used [0x0000000081400000,0x0000000082851d48,0x0000000085b80000)
 Metaspace       used 41508K, capacity 43072K, committed 43136K, reserved 1087488K
  class space    used 5413K, capacity 5710K, committed 5760K, reserved 1048576K
Event: 6.646 GC heap after
Heap after GC invocations=10 (full 2):
 PSYoungGen      total 430080K, used 12175K [0x00000000d5c00000, 0x00000000f3f00000, 0x0000000100000000)
  eden space 417792K, 0% used [0x00000000d5c00000,0x00000000d5c00000,0x00000000ef400000)
  from space 12288K, 99% used [0x00000000f3300000,0x00000000f3ee3e30,0x00000000f3f00000)
  to   space 16896K, 0% used [0x00000000f1e00000,0x00000000f1e00000,0x00000000f2e80000)
 ParOldGen       total 73216K, used 20815K [0x0000000081400000, 0x0000000085b80000, 0x00000000d5c00000)
  object space 73216K, 28% used [0x0000000081400000,0x0000000082853d48,0x0000000085b80000)
 Metaspace       used 41508K, capacity 43072K, committed 43136K, reserved 1087488K
  class space    used 5413K, capacity 5710K, committed 5760K, reserved 1048576K
}

